07/27/2017 13:25: admin createdType Okie
07/27/2017 13:37: admin editedChange CPGR: 145 Parsells Avenue: filter me bro
07/27/2017 13:37: admin acceptedChange CPGR: 145 Parsells Avenue: filter me bro
07/27/2017 13:38: cpgr deniedChange CPGR: 145 Parsells Avenue: filter me bro
07/27/2017 13:38: cpgr acceptedChange CPGR: 57 Central Park: Fam
07/27/2017 15:18: admin acceptedChange CPGR: 145 Parsells Avenue: filter me bro
07/27/2017 15:18: admin closedChange CPGR: 145 Parsells Avenue: filter me bro
07/27/2017 16:18: admin createdOS suh
07/28/2017 14:31: admin exportedChange Sage Rutty: 100 Corporate Woods #300: Spicy Spiceworks
07/28/2017 14:49: admin createdCompany jjj
07/30/2017 00:06: admin createdLocation jjj: dummy
07/30/2017 00:06: admin deletedCompany jjj
07/30/2017 00:07: admin createdCompany joh
07/30/2017 00:08: admin createdLocation joh: bro
07/30/2017 00:08: admin deletedCompany joh
07/30/2017 00:10: admin createdCompany bro
07/30/2017 00:10: admin createdLocation bro: bro
07/30/2017 00:10: admin deletedCompany bro
07/30/2017 00:16: admin createdCompany oh
07/30/2017 00:16: admin createdLocation oh: oh
07/30/2017 00:18: admin editedCompany ohh
07/30/2017 00:30: admin deletedCompany ohh
08/02/2017 10:38: admin createdChange QCI: 40A Grove Street: Bangarang
08/02/2017 10:38: admin acceptedChange QCI: 40A Grove Street: Bangarang
08/02/2017 10:39: admin resetPassword QCI:qci
08/02/2017 10:40: qci acceptedChange QCI: 40A Grove Street: Bangarang
08/02/2017 10:40: admin closedChange CPGR: 57 Central Park: Oi
08/02/2017 10:41: admin closedChange Sage Rutty: 100 Corporate Woods #300: Remove DOUBLETAKE from infrastructure
08/02/2017 10:41: admin closedChange CPGR: 57 Central Park: SAGE3 Duplicate
08/02/2017 10:42: admin createdChange Sage Rutty: 100 Corporate Woods #300: Delete Sage 3
08/02/2017 10:43: admin editedChange Sage Rutty: 100 Corporate Woods #300: Delete Sage 3
08/02/2017 10:43: admin editedChange Sage Rutty: 100 Corporate Woods #300: Delete Sage 3
08/02/2017 10:43: sage editedChange Sage Rutty: 100 Corporate Woods #300: Delete Sage 3
08/02/2017 10:44: sage editedChange Sage Rutty: 100 Corporate Woods #300: Delete Sage 3
08/02/2017 10:46: sage editedChange Sage Rutty: 100 Corporate Woods #300: Delete Sage 3
08/02/2017 10:46: sage acceptedChange Sage Rutty: 100 Corporate Woods #300: Delete Sage 3
08/02/2017 10:46: sage editedChange Sage Rutty: 100 Corporate Woods #300: Delete Sage 3
08/02/2017 10:47: sage deniedChange Sage Rutty: 100 Corporate Woods #300: Delete Sage 3
08/02/2017 10:47: admin deniedChange Sage Rutty: 100 Corporate Woods #300: Delete Sage 3
08/02/2017 10:49: admin deletedChange Sage Rutty: 100 Corporate Woods #300: Re-vamp the spiceworks box
08/02/2017 10:51: admin createdChange CPGR: 145 Parsells Avenue: Cable management Parsells
08/02/2017 10:51: admin acceptedChange CPGR: 145 Parsells Avenue: Cable management Parsells
08/02/2017 10:51: cpgr acceptedChange CPGR: 145 Parsells Avenue: Cable management Parsells
08/02/2017 10:51: engineer workComplete CPGR: 145 Parsells Avenue: Cable management Parsells
